<?xml version="1.0" encoding="UTF-8"?>
<testsuite errors="0" failures="0" hostname="lizhu-PC" name="test.java.ParkBoyTest_WhenHavingSeveralParkplace" tests="6" time="0.011" timestamp="2012-12-20T02:31:01">
  <properties />
  <testcase classname="test.java.ParkBoyTest_WhenHavingSeveralParkplace" name="should_park_Sucess_when_park_is_empty" time="0.0" />
  <testcase classname="test.java.ParkBoyTest_WhenHavingSeveralParkplace" name="should_fetch_Sucess_when_park_is_empty" time="0.0" />
  <testcase classname="test.java.ParkBoyTest_WhenHavingSeveralParkplace" name="should_fetch_Sucess_when_park_is_notempty" time="0.0010" />
  <testcase classname="test.java.ParkBoyTest_WhenHavingSeveralParkplace" name="should_throwParkFullException_if_park_when_park_is_full" time="0.0010" />
  <testcase classname="test.java.ParkBoyTest_WhenHavingSeveralParkplace" name="should_park_in_the_more_empty_parkplace" time="0.0" />
  <testcase classname="test.java.ParkBoyTest_WhenHavingSeveralParkplace" name="should_park_in_the_first_parkplace_if_park_availableSize_same" time="0.0" />
  <system-out><![CDATA[]]></system-out>
  <system-err><![CDATA[]]></system-err>
</testsuite>
